Determining if the pthread_create exist failed with the following output:
Change Dir: /home/student/Desktop/myfiles/Git/Projet_Neuro/CMakeFiles/CMakeTmp

Run Build Command:"/usr/bin/make" "cmTryCompileExec3704201316/fast"
/usr/bin/make -f CMakeFiles/cmTryCompileExec3704201316.dir/build.make CMakeFiles/cmTryCompileExec3704201316.dir/build
make[1]: Entering directory `/home/student/Desktop/myfiles/Git/Projet_Neuro/CMakeFiles/CMakeTmp'
/usr/local/bin/cmake -E cmake_progress_report /home/student/Desktop/myfiles/Git/Projet_Neuro/CMakeFiles/CMakeTmp/CMakeFiles 1
Building C object CMakeFiles/cmTryCompileExec3704201316.dir/CheckSymbolExists.c.o
/usr/bin/cc    -o CMakeFiles/cmTryCompileExec3704201316.dir/CheckSymbolExists.c.o   -c /home/student/Desktop/myfiles/Git/Projet_Neuro/CMakeFiles/CMakeTmp/CheckSymbolExists.c
Linking C executable cmTryCompileExec3704201316
/usr/local/bin/cmake -E cmake_link_script CMakeFiles/cmTryCompileExec3704201316.dir/link.txt --verbose=1
/usr/bin/cc       CMakeFiles/cmTryCompileExec3704201316.dir/CheckSymbolExists.c.o  -o cmTryCompileExec3704201316 -rdynamic 
CMakeFiles/cmTryCompileExec3704201316.dir/CheckSymbolExists.c.o: In function `main':
CheckSymbolExists.c:(.text+0x16): undefined reference to `pthread_create'
make[1]: Leaving directory `/home/student/Desktop/myfiles/Git/Projet_Neuro/CMakeFiles/CMakeTmp'
collect2: error: ld returned 1 exit status
make[1]: *** [cmTryCompileExec3704201316] Error 1
make: *** [cmTryCompileExec3704201316/fast] Error 2

File /home/student/Desktop/myfiles/Git/Projet_Neuro/CMakeFiles/CMakeTmp/CheckSymbolExists.c:
/* */
#include <pthread.h>

int main(int argc, char** argv)
{
  (void)argv;
#ifndef pthread_create
  return ((int*)(&pthread_create))[argc];
#else
  (void)argc;
  return 0;
#endif
}

